<?xml version="1.0" encoding="UTF-8"?>
<!-- Generated by org.testng.reporters.JUnitReportReporter -->
<testsuite hostname="CNU326CND1" name="com.wwt.sda.AppTest" tests="1" failures="0" timestamp="27 Oct 2013 04:33:42 GMT" time="0.002" errors="0">
  <testcase name="testApp" time="0.002" classname="com.wwt.sda.AppTest"/>
</testsuite>
