<?xml version="1.0" encoding="UTF-8"?>
<!-- Generated by org.testng.reporters.JUnitReportReporter -->
<testsuite hostname="CNU326CND1" name="com.wwt.sda.TestNG_SDA" tests="1" failures="0" timestamp="22 Oct 2013 21:10:55 GMT" time="403.472" errors="0">
  <testcase name="SDA_CreateBOM_ReadyToOrder_OrderSubmitted_18" time="403.472" classname="com.wwt.sda.TestNG_SDA"/>
</testsuite> <!-- com.wwt.sda.TestNG_SDA -->
