<?xml version="1.0" encoding="UTF-8"?>
<!-- Generated by org.testng.reporters.JUnitReportReporter -->
<testsuite hostname="CNU326CND1" name="com.wwt.sda.TestNG_Login" tests="3" failures="0" timestamp="4 Oct 2013 18:08:40 GMT" time="3.885" errors="0">
  <testcase name="SDA_Invalid_Password_02" time="0.340" classname="com.wwt.sda.TestNG_Login"/>
  <testcase name="SDA_Login_03" time="2.527" classname="com.wwt.sda.TestNG_Login"/>
  <testcase name="SDA_Invalid_Login_01" time="1.018" classname="com.wwt.sda.TestNG_Login"/>
</testsuite> <!-- com.wwt.sda.TestNG_Login -->
