<?xml version="1.0" encoding="UTF-8"?>
<!-- Generated by org.testng.reporters.JUnitReportReporter -->
<testsuite hostname="CNU326CND1" name="com.wwt.sda.TestNG_PDFDownloads" tests="2" failures="0" timestamp="27 Sep 2013 20:53:20 GMT" time="29.435" errors="0">
  <testcase name="SDA_CreateBOM_Verify_BarcodePDF_34" time="25.855" classname="com.wwt.sda.TestNG_PDFDownloads"/>
  <testcase name="SDA_CreateBOM_Verify_Labels_DropdwnBtn_35" time="3.580" classname="com.wwt.sda.TestNG_PDFDownloads"/>
</testsuite> <!-- com.wwt.sda.TestNG_PDFDownloads -->
