<?xml version="1.0" encoding="UTF-8"?>
<!-- Generated by org.testng.reporters.JUnitReportReporter -->
<testsuite hostname="CNU326CND1" name="com.wwt.sda.LoginTest" tests="1" failures="0" timestamp="15 Sep 2013 02:33:54 GMT" time="1.553" errors="0">
  <testcase name="SDA_Invalid_Login_01" time="1.553" classname="com.wwt.sda.LoginTest"/>
</testsuite> <!-- com.wwt.sda.LoginTest -->
